DEBUG 2017:03:31 18:21:26.051 default [main] DEBUG org.seckill.dao.SeckillDao.queryById - ==>  Preparing: SELECT seckill_id,name,number,start_time,end_time,create_time FROM seckill WHERE seckill_id = ? 
DEBUG 2017:03:31 18:21:26.082 default [main] DEBUG org.seckill.dao.SeckillDao.queryById - ==> Parameters: 1002(Long)
DEBUG 2017:03:31 18:21:26.099 default [main] DEBUG org.seckill.dao.SeckillDao.queryById - <==      Total: 1
DEBUG 2017:03:31 18:21:27.108 default [main] DEBUG org.seckill.service.SeckillServiceTest - 开始执行吧
 WARN 2017:03:31 18:21:27.108 default [main] WARN  org.seckill.service.SeckillServiceTest - exposer=Exposer{exposed=false, md5='null', seckillId=1002, now=1490955687108, start=1487520000000, end=1424448000000}
DEBUG 2017:03:31 18:22:49.007 default [main] DEBUG org.seckill.dao.SeckillDao.queryById - ==>  Preparing: SELECT seckill_id,name,number,start_time,end_time,create_time FROM seckill WHERE seckill_id = ? 
DEBUG 2017:03:31 18:22:49.042 default [main] DEBUG org.seckill.dao.SeckillDao.queryById - ==> Parameters: 1002(Long)
DEBUG 2017:03:31 18:22:49.061 default [main] DEBUG org.seckill.dao.SeckillDao.queryById - <==      Total: 1
DEBUG 2017:03:31 18:22:50.081 default [main] DEBUG org.seckill.service.SeckillServiceTest - 开始执行吧
 WARN 2017:03:31 18:22:50.082 default [main] WARN  org.seckill.service.SeckillServiceTest - exposer=Exposer{exposed=false, md5='null', seckillId=1002, now=1490955770081, start=1487520000000, end=1424448000000}
DEBUG 2017:03:31 18:23:50.879 default [main] DEBUG org.seckill.dao.SeckillDao.queryById - ==>  Preparing: SELECT seckill_id,name,number,start_time,end_time,create_time FROM seckill WHERE seckill_id = ? 
DEBUG 2017:03:31 18:23:50.909 default [main] DEBUG org.seckill.dao.SeckillDao.queryById - ==> Parameters: 1002(Long)
DEBUG 2017:03:31 18:23:50.927 default [main] DEBUG org.seckill.dao.SeckillDao.queryById - <==      Total: 1
DEBUG 2017:03:31 18:23:51.937 default [main] DEBUG org.seckill.service.SeckillServiceTest - 开始执行吧
 WARN 2017:03:31 18:23:51.937 default [main] WARN  org.seckill.service.SeckillServiceTest - exposer=Exposer{exposed=false, md5='null', seckillId=1002, now=1490955831936, start=1487520000000, end=1424448000000}
DEBUG 2017:03:31 18:25:05.363 default [main] DEBUG org.seckill.dao.SeckillDao.queryById - ==>  Preparing: SELECT seckill_id,name,number,start_time,end_time,create_time FROM seckill WHERE seckill_id = ? 
DEBUG 2017:03:31 18:25:05.392 default [main] DEBUG org.seckill.dao.SeckillDao.queryById - ==> Parameters: 1002(Long)
DEBUG 2017:03:31 18:25:05.409 default [main] DEBUG org.seckill.dao.SeckillDao.queryById - <==      Total: 1
DEBUG 2017:03:31 18:25:06.419 default [main] DEBUG org.seckill.service.SeckillServiceTest - 开始执行吧
 WARN 2017:03:31 18:25:06.419 default [main] WARN  org.seckill.service.SeckillServiceTest - exposer=Exposer{exposed=false, md5='null', seckillId=1002, now=1490955906418, start=1487520000000, end=1424448000000}
 WARN 2017:03:31 18:26:00.961 default [main] WARN  org.seckill.service.SeckillServiceTest - exposer=Exposer{exposed=false, md5='null', seckillId=1002, now=1490955960959, start=1487520000000, end=1424448000000}
DEBUG 2017:07:18 14:17:42.425 default [main] DEBUG org.seckill.dao.SuccessKilledDao - Cache Hit Ratio [org.seckill.dao.SuccessKilledDao]: 0.0
DEBUG 2017:07:18 14:17:42.719 default [main] DEBUG org.seckill.dao.SuccessKilledDao.queryByIdWithSeckill - ==>  Preparing: SELECT sk.seckill_id,sk.user_phone,sk.create_time,sk.state, s.seckill_id "seckill.seckill_id", s.number "seckill.number", s.name "seckill.name", s.start_time "seckill.start_time", s.end_time "seckill.end_time", s.create_time "seckill.create_time" FROM success_killed sk INNER JOIN seckill s ON sk.seckill_id=s.seckill_id WHERE sk.seckill_id=? and sk.user_phone=?; 
DEBUG 2017:07:18 14:17:42.746 default [main] DEBUG org.seckill.dao.SuccessKilledDao.queryByIdWithSeckill - ==> Parameters: 1002(Long), 15811112222(Long)
DEBUG 2017:07:18 14:17:42.770 default [main] DEBUG org.seckill.dao.SuccessKilledDao.queryByIdWithSeckill - <==      Total: 1
DEBUG 2017:07:18 14:18:06.319 default [main] DEBUG org.seckill.dao.SuccessKilledDao - Cache Hit Ratio [org.seckill.dao.SuccessKilledDao]: 0.0
DEBUG 2017:07:18 14:18:06.588 default [main] DEBUG org.seckill.dao.SuccessKilledDao.queryByIdWithSeckill - ==>  Preparing: SELECT sk.seckill_id,sk.user_phone,sk.create_time,sk.state, s.seckill_id "seckill.seckill_id", s.number "seckill.number", s.name "seckill.name", s.start_time "seckill.start_time", s.end_time "seckill.end_time", s.create_time "seckill.create_time" FROM success_killed sk INNER JOIN seckill s ON sk.seckill_id=s.seckill_id WHERE sk.seckill_id=? and sk.user_phone=?; 
DEBUG 2017:07:18 14:18:06.615 default [main] DEBUG org.seckill.dao.SuccessKilledDao.queryByIdWithSeckill - ==> Parameters: 1002(Long), 15811112222(Long)
DEBUG 2017:07:18 14:18:06.640 default [main] DEBUG org.seckill.dao.SuccessKilledDao.queryByIdWithSeckill - <==      Total: 1
DEBUG 2017:07:18 14:28:33.545 default [main] DEBUG org.seckill.dao.SuccessKilledDao - Cache Hit Ratio [org.seckill.dao.SuccessKilledDao]: 0.0
DEBUG 2017:07:18 14:28:33.808 default [main] DEBUG org.seckill.dao.SuccessKilledDao.queryByIdWithSeckill - ==>  Preparing: SELECT sk.seckill_id,sk.user_phone,sk.create_time,sk.state, s.seckill_id "seckill.seckill_id", s.number "seckill.number", s.name "seckill.name", s.start_time "seckill.start_time", s.end_time "seckill.end_time", s.create_time "seckill.create_time" FROM success_killed sk INNER JOIN seckill s ON sk.seckill_id=s.seckill_id WHERE sk.seckill_id=? and sk.user_phone=?; 
DEBUG 2017:07:18 14:28:33.835 default [main] DEBUG org.seckill.dao.SuccessKilledDao.queryByIdWithSeckill - ==> Parameters: 1002(Long), 15811112222(Long)
DEBUG 2017:07:18 14:28:33.859 default [main] DEBUG org.seckill.dao.SuccessKilledDao.queryByIdWithSeckill - <==      Total: 1
DEBUG 2017:07:18 14:29:12.951 default [main] DEBUG org.seckill.dao.SuccessKilledDao - Cache Hit Ratio [org.seckill.dao.SuccessKilledDao]: 0.0
DEBUG 2017:07:18 14:29:13.201 default [main] DEBUG org.seckill.dao.SuccessKilledDao.queryByIdWithSeckill - ==>  Preparing: SELECT sk.seckill_id,sk.user_phone,sk.create_time,sk.state, s.seckill_id "seckill.seckill_id", s.number "seckill.number", s.name "seckill.name", s.start_time "seckill.start_time", s.end_time "seckill.end_time", s.create_time "seckill.create_time" FROM success_killed sk INNER JOIN seckill s ON sk.seckill_id=s.seckill_id WHERE sk.seckill_id=? and sk.user_phone=?; 
DEBUG 2017:07:18 14:29:13.258 default [main] DEBUG org.seckill.dao.SuccessKilledDao.queryByIdWithSeckill - ==> Parameters: 1002(Long), 15811112222(Long)
DEBUG 2017:07:18 14:29:13.280 default [main] DEBUG org.seckill.dao.SuccessKilledDao.queryByIdWithSeckill - <==      Total: 1
DEBUG 2017:07:18 14:29:13.288 default [main] DEBUG org.seckill.dao.SuccessKilledDao - Cache Hit Ratio [org.seckill.dao.SuccessKilledDao]: 0.5
DEBUG 2017:07:18 14:30:12.855 default [main] DEBUG org.seckill.dao.SuccessKilledDao - Cache Hit Ratio [org.seckill.dao.SuccessKilledDao]: 0.0
DEBUG 2017:07:18 14:30:13.113 default [main] DEBUG org.seckill.dao.SuccessKilledDao.queryByIdWithSeckill - ==>  Preparing: SELECT sk.seckill_id,sk.user_phone,sk.create_time,sk.state, s.seckill_id "seckill.seckill_id", s.number "seckill.number", s.name "seckill.name", s.start_time "seckill.start_time", s.end_time "seckill.end_time", s.create_time "seckill.create_time" FROM success_killed sk INNER JOIN seckill s ON sk.seckill_id=s.seckill_id WHERE sk.seckill_id=? and sk.user_phone=?; 
DEBUG 2017:07:18 14:30:13.140 default [main] DEBUG org.seckill.dao.SuccessKilledDao.queryByIdWithSeckill - ==> Parameters: 1002(Long), 15811112222(Long)
DEBUG 2017:07:18 14:30:13.167 default [main] DEBUG org.seckill.dao.SuccessKilledDao.queryByIdWithSeckill - <==      Total: 1
DEBUG 2017:07:18 14:33:00.264 default [main] DEBUG org.seckill.dao.SuccessKilledDao - Cache Hit Ratio [org.seckill.dao.SuccessKilledDao]: 0.0
DEBUG 2017:07:18 14:33:00.514 default [main] DEBUG org.seckill.dao.SuccessKilledDao.queryByIdWithSeckill - ==>  Preparing: SELECT sk.seckill_id,sk.user_phone,sk.create_time,sk.state, s.seckill_id "seckill.seckill_id", s.number "seckill.number", s.name "seckill.name", s.start_time "seckill.start_time", s.end_time "seckill.end_time", s.create_time "seckill.create_time" FROM success_killed sk INNER JOIN seckill s ON sk.seckill_id=s.seckill_id WHERE sk.seckill_id=? and sk.user_phone=?; 
DEBUG 2017:07:18 14:33:00.542 default [main] DEBUG org.seckill.dao.SuccessKilledDao.queryByIdWithSeckill - ==> Parameters: 1002(Long), 15811112222(Long)
DEBUG 2017:07:18 14:33:00.567 default [main] DEBUG org.seckill.dao.SuccessKilledDao.queryByIdWithSeckill - <==      Total: 1
DEBUG 2017:07:18 14:33:06.096 default [main] DEBUG org.seckill.dao.SuccessKilledDao - Cache Hit Ratio [org.seckill.dao.SuccessKilledDao]: 0.0
DEBUG 2017:07:18 14:33:06.366 default [main] DEBUG org.seckill.dao.SuccessKilledDao.queryByIdWithSeckill - ==>  Preparing: SELECT sk.seckill_id,sk.user_phone,sk.create_time,sk.state, s.seckill_id "seckill.seckill_id", s.number "seckill.number", s.name "seckill.name", s.start_time "seckill.start_time", s.end_time "seckill.end_time", s.create_time "seckill.create_time" FROM success_killed sk INNER JOIN seckill s ON sk.seckill_id=s.seckill_id WHERE sk.seckill_id=? and sk.user_phone=?; 
DEBUG 2017:07:18 14:33:06.396 default [main] DEBUG org.seckill.dao.SuccessKilledDao.queryByIdWithSeckill - ==> Parameters: 1002(Long), 15811112222(Long)
DEBUG 2017:07:18 14:33:06.419 default [main] DEBUG org.seckill.dao.SuccessKilledDao.queryByIdWithSeckill - <==      Total: 1
DEBUG 2017:07:18 14:33:06.426 default [main] DEBUG org.seckill.dao.SuccessKilledDao - Cache Hit Ratio [org.seckill.dao.SuccessKilledDao]: 0.5
DEBUG 2017:07:18 14:37:36.324 default [main] DEBUG org.seckill.dao.SuccessKilledDao.queryByIdWithSeckill - ==>  Preparing: SELECT sk.seckill_id,sk.user_phone,sk.create_time,sk.state, s.seckill_id "seckill.seckill_id", s.number "seckill.number", s.name "seckill.name", s.start_time "seckill.start_time", s.end_time "seckill.end_time", s.create_time "seckill.create_time" FROM success_killed sk INNER JOIN seckill s ON sk.seckill_id=s.seckill_id WHERE sk.seckill_id=? and sk.user_phone=?; 
DEBUG 2017:07:18 14:37:36.350 default [main] DEBUG org.seckill.dao.SuccessKilledDao.queryByIdWithSeckill - ==> Parameters: 1002(Long), 15811112222(Long)
DEBUG 2017:07:18 14:37:36.373 default [main] DEBUG org.seckill.dao.SuccessKilledDao.queryByIdWithSeckill - <==      Total: 1
DEBUG 2017:07:18 14:37:36.380 default [main] DEBUG org.seckill.dao.SuccessKilledDao.queryByIdWithSeckill - ==>  Preparing: SELECT sk.seckill_id,sk.user_phone,sk.create_time,sk.state, s.seckill_id "seckill.seckill_id", s.number "seckill.number", s.name "seckill.name", s.start_time "seckill.start_time", s.end_time "seckill.end_time", s.create_time "seckill.create_time" FROM success_killed sk INNER JOIN seckill s ON sk.seckill_id=s.seckill_id WHERE sk.seckill_id=? and sk.user_phone=?; 
DEBUG 2017:07:18 14:37:36.381 default [main] DEBUG org.seckill.dao.SuccessKilledDao.queryByIdWithSeckill - ==> Parameters: 1002(Long), 15811112222(Long)
DEBUG 2017:07:18 14:37:36.382 default [main] DEBUG org.seckill.dao.SuccessKilledDao.queryByIdWithSeckill - <==      Total: 1
DEBUG 2017:07:18 14:40:48.398 default [main] DEBUG org.seckill.dao.SuccessKilledDao.queryByIdWithSeckill - ==>  Preparing: SELECT sk.seckill_id,sk.user_phone,sk.create_time,sk.state, s.seckill_id "seckill.seckill_id", s.number "seckill.number", s.name "seckill.name", s.start_time "seckill.start_time", s.end_time "seckill.end_time", s.create_time "seckill.create_time" FROM success_killed sk INNER JOIN seckill s ON sk.seckill_id=s.seckill_id WHERE sk.seckill_id=? and sk.user_phone=?; 
DEBUG 2017:07:18 14:40:48.424 default [main] DEBUG org.seckill.dao.SuccessKilledDao.queryByIdWithSeckill - ==> Parameters: 1002(Long), 15811112222(Long)
DEBUG 2017:07:18 14:40:48.448 default [main] DEBUG org.seckill.dao.SuccessKilledDao.queryByIdWithSeckill - <==      Total: 1
DEBUG 2017:07:18 14:40:48.455 default [main] DEBUG org.seckill.dao.SuccessKilledDao.queryByIdWithSeckill - ==>  Preparing: SELECT sk.seckill_id,sk.user_phone,sk.create_time,sk.state, s.seckill_id "seckill.seckill_id", s.number "seckill.number", s.name "seckill.name", s.start_time "seckill.start_time", s.end_time "seckill.end_time", s.create_time "seckill.create_time" FROM success_killed sk INNER JOIN seckill s ON sk.seckill_id=s.seckill_id WHERE sk.seckill_id=? and sk.user_phone=?; 
DEBUG 2017:07:18 14:40:48.456 default [main] DEBUG org.seckill.dao.SuccessKilledDao.queryByIdWithSeckill - ==> Parameters: 1002(Long), 15811112222(Long)
DEBUG 2017:07:18 14:40:48.457 default [main] DEBUG org.seckill.dao.SuccessKilledDao.queryByIdWithSeckill - <==      Total: 1
DEBUG 2017:07:18 14:46:22.009 default [main] DEBUG org.seckill.dao.SuccessKilledDao.queryByIdWithSeckill - ==>  Preparing: SELECT sk.seckill_id,sk.user_phone,sk.create_time,sk.state, s.seckill_id "seckill.seckill_id", s.number "seckill.number", s.name "seckill.name", s.start_time "seckill.start_time", s.end_time "seckill.end_time", s.create_time "seckill.create_time" FROM success_killed sk INNER JOIN seckill s ON sk.seckill_id=s.seckill_id WHERE sk.seckill_id=? and sk.user_phone=?; 
DEBUG 2017:07:18 14:46:22.035 default [main] DEBUG org.seckill.dao.SuccessKilledDao.queryByIdWithSeckill - ==> Parameters: 1002(Long), 15811112222(Long)
DEBUG 2017:07:18 14:46:22.061 default [main] DEBUG org.seckill.dao.SuccessKilledDao.queryByIdWithSeckill - <==      Total: 1
DEBUG 2017:07:18 14:46:22.068 default [main] DEBUG org.seckill.dao.SuccessKilledDao.queryByIdWithSeckill - ==>  Preparing: SELECT sk.seckill_id,sk.user_phone,sk.create_time,sk.state, s.seckill_id "seckill.seckill_id", s.number "seckill.number", s.name "seckill.name", s.start_time "seckill.start_time", s.end_time "seckill.end_time", s.create_time "seckill.create_time" FROM success_killed sk INNER JOIN seckill s ON sk.seckill_id=s.seckill_id WHERE sk.seckill_id=? and sk.user_phone=?; 
DEBUG 2017:07:18 14:46:22.068 default [main] DEBUG org.seckill.dao.SuccessKilledDao.queryByIdWithSeckill - ==> Parameters: 1002(Long), 15811112222(Long)
DEBUG 2017:07:18 14:46:22.070 default [main] DEBUG org.seckill.dao.SuccessKilledDao.queryByIdWithSeckill - <==      Total: 1
DEBUG 2017:07:18 15:09:40.520 default [main] DEBUG org.seckill.dao.ItemsDao.getAllItems - ==>  Preparing: select * from items 
DEBUG 2017:07:18 15:09:40.558 default [main] DEBUG org.seckill.dao.ItemsDao.getAllItems - ==> Parameters: 
DEBUG 2017:07:18 15:19:48.943 default [main] DEBUG org.seckill.dao.ItemsDao.getAllItems - ==>  Preparing: select * from items 
DEBUG 2017:07:18 15:19:48.988 default [main] DEBUG org.seckill.dao.ItemsDao.getAllItems - ==> Parameters: 
DEBUG 2017:07:18 15:19:49.010 default [main] DEBUG org.seckill.dao.ItemsDao.getAllItems - <==      Total: 10
DEBUG 2017:07:18 15:20:51.369 default [main] DEBUG org.seckill.dao.ItemsDao.getAllItems - ==>  Preparing: select * from items 
DEBUG 2017:07:18 15:20:51.402 default [main] DEBUG org.seckill.dao.ItemsDao.getAllItems - ==> Parameters: 
DEBUG 2017:07:18 15:20:51.423 default [main] DEBUG org.seckill.dao.ItemsDao.getAllItems - <==      Total: 10
DEBUG 2017:07:18 18:17:24.243 default [main] DEBUG org.seckill.dao.ItemsDao.getAllItems - ==>  Preparing: select * from items 
DEBUG 2017:07:18 18:17:24.275 default [main] DEBUG org.seckill.dao.ItemsDao.getAllItems - ==> Parameters: 
DEBUG 2017:07:18 18:17:24.296 default [main] DEBUG org.seckill.dao.ItemsDao.getAllItems - <==      Total: 10
DEBUG 2017:07:18 18:21:01.617 default [main] DEBUG org.seckill.dao.ItemsDao.getAllItems - ==>  Preparing: select * from items 
DEBUG 2017:07:18 18:21:01.648 default [main] DEBUG org.seckill.dao.ItemsDao.getAllItems - ==> Parameters: 
DEBUG 2017:07:18 18:21:01.668 default [main] DEBUG org.seckill.dao.ItemsDao.getAllItems - <==      Total: 10
DEBUG 2017:07:18 18:21:19.626 default [main] DEBUG org.seckill.dao.ItemsDao.getAllItems - ==>  Preparing: select * from items 
DEBUG 2017:07:18 18:21:19.658 default [main] DEBUG org.seckill.dao.ItemsDao.getAllItems - ==> Parameters: 
DEBUG 2017:07:18 18:21:19.682 default [main] DEBUG org.seckill.dao.ItemsDao.getAllItems - <==      Total: 10
DEBUG 2017:07:18 18:22:13.291 default [main] DEBUG org.seckill.dao.ItemsDao.getAllItems - ==>  Preparing: select * from items 
DEBUG 2017:07:18 18:22:13.323 default [main] DEBUG org.seckill.dao.ItemsDao.getAllItems - ==> Parameters: 
DEBUG 2017:07:18 18:22:13.344 default [main] DEBUG org.seckill.dao.ItemsDao.getAllItems - <==      Total: 10
DEBUG 2017:07:18 18:22:30.648 default [main] DEBUG org.seckill.dao.ItemsDao.getAllItems - ==>  Preparing: select * from items 
DEBUG 2017:07:18 18:22:30.680 default [main] DEBUG org.seckill.dao.ItemsDao.getAllItems - ==> Parameters: 
DEBUG 2017:07:18 18:22:30.699 default [main] DEBUG org.seckill.dao.ItemsDao.getAllItems - <==      Total: 10
DEBUG 2017:07:18 18:22:44.263 default [main] DEBUG org.seckill.dao.ItemsDao.getAllItems - ==>  Preparing: select * from items 
DEBUG 2017:07:18 18:22:44.294 default [main] DEBUG org.seckill.dao.ItemsDao.getAllItems - ==> Parameters: 
DEBUG 2017:07:18 18:22:44.317 default [main] DEBUG org.seckill.dao.ItemsDao.getAllItems - <==      Total: 10
DEBUG 2017:07:18 18:38:10.397 default [main] DEBUG org.seckill.dao.ItemsDao.getAllItems - ==>  Preparing: select * from items 
DEBUG 2017:07:18 18:38:10.424 default [main] DEBUG org.seckill.dao.ItemsDao.getAllItems - ==> Parameters: 
DEBUG 2017:07:18 18:38:10.446 default [main] DEBUG org.seckill.dao.ItemsDao.getAllItems - <==      Total: 10
DEBUG 2017:07:18 18:38:37.339 default [main] DEBUG org.seckill.dao.ItemsDao.getAllItems - ==>  Preparing: select * from items 
DEBUG 2017:07:18 18:38:37.367 default [main] DEBUG org.seckill.dao.ItemsDao.getAllItems - ==> Parameters: 
DEBUG 2017:07:18 18:38:37.394 default [main] DEBUG org.seckill.dao.ItemsDao.getAllItems - <==      Total: 10
